mode: set
aculo/connector-restapi/internal/config/internal_logic.go:29.42,30.33 1 1
aculo/connector-restapi/internal/config/internal_logic.go:30.33,32.17 2 1
aculo/connector-restapi/internal/config/internal_logic.go:32.17,34.4 1 0
aculo/connector-restapi/internal/config/internal_logic.go:36.2,36.12 1 1
aculo/connector-restapi/internal/config/internal_logic.go:40.41,42.28 2 1
aculo/connector-restapi/internal/config/internal_logic.go:42.28,46.20 2 1
aculo/connector-restapi/internal/config/internal_logic.go:46.20,48.4 1 1
aculo/connector-restapi/internal/config/internal_logic.go:50.2,50.12 1 1
aculo/connector-restapi/internal/config/internal_logic.go:54.24,57.16 3 1
aculo/connector-restapi/internal/config/internal_logic.go:57.16,59.3 1 0
aculo/connector-restapi/internal/config/internal_logic.go:60.2,60.12 1 1
aculo/connector-restapi/internal/config/internal_logic.go:62.31,65.16 2 1
aculo/connector-restapi/internal/config/internal_logic.go:65.16,67.3 1 0
aculo/connector-restapi/internal/config/internal_logic.go:72.2,78.16 4 1
aculo/connector-restapi/internal/config/internal_logic.go:78.16,80.3 1 0
aculo/connector-restapi/internal/config/internal_logic.go:81.2,81.12 1 1
aculo/connector-restapi/internal/config/internal_logic.go:86.38,88.20 2 1
aculo/connector-restapi/internal/config/internal_logic.go:88.20,90.3 1 0
aculo/connector-restapi/internal/config/internal_logic.go:91.2,91.26 1 1
aculo/connector-restapi/internal/config/internal_logic.go:95.39,97.20 2 1
aculo/connector-restapi/internal/config/internal_logic.go:97.20,99.3 1 0
aculo/connector-restapi/internal/config/internal_logic.go:100.2,101.38 2 1
aculo/connector-restapi/internal/config/internal_logic.go:106.31,119.2 8 1
aculo/connector-restapi/internal/config/internal_logic.go:123.55,129.18 1 1
aculo/connector-restapi/internal/config/internal_logic.go:129.18,131.34 1 1
aculo/connector-restapi/internal/config/internal_logic.go:131.34,133.5 1 1
aculo/connector-restapi/internal/config/internal_logic.go:134.4,134.37 1 1
aculo/connector-restapi/internal/config/internal_logic.go:134.37,136.5 1 1
aculo/connector-restapi/internal/config/internal_logic.go:145.4,149.25 3 1
aculo/connector-restapi/internal/config/internal_logic.go:149.25,151.5 1 1
aculo/connector-restapi/internal/config/internal_logic.go:152.4,157.47 4 1
aculo/connector-restapi/internal/config/internal_logic.go:157.47,159.5 1 0
aculo/connector-restapi/internal/config/internal_logic.go:162.4,169.20 3 1
aculo/connector-restapi/internal/config/internal_logic.go:171.2,171.13 1 1
aculo/connector-restapi/internal/config/phases.go:13.19,15.2 1 0
aculo/connector-restapi/internal/config/phases.go:19.31,22.17 2 1
aculo/connector-restapi/internal/config/phases.go:22.17,34.17 3 1
aculo/connector-restapi/internal/config/phases.go:34.17,36.4 1 0
aculo/connector-restapi/internal/config/phases.go:38.2,38.8 1 1
aculo/connector-restapi/internal/config/phases.go:42.21,43.34 1 1
aculo/connector-restapi/internal/config/phases.go:43.34,45.17 2 1
aculo/connector-restapi/internal/config/phases.go:45.17,47.4 1 0
aculo/connector-restapi/internal/config/phases.go:49.2,49.12 1 1
aculo/connector-restapi/internal/config/phases.go:53.29,54.29 1 1
aculo/connector-restapi/internal/config/phases.go:54.29,56.3 1 0
aculo/connector-restapi/internal/config/phases.go:57.2,57.12 1 1
aculo/connector-restapi/internal/config/phases.go:61.28,62.28 1 1
aculo/connector-restapi/internal/config/phases.go:62.28,64.17 2 0
aculo/connector-restapi/internal/config/phases.go:64.17,66.4 1 0
aculo/connector-restapi/internal/config/phases.go:68.2,68.12 1 1
aculo/connector-restapi/internal/config/phases.go:73.25,74.32 1 1
aculo/connector-restapi/internal/config/phases.go:74.32,76.3 1 0
aculo/connector-restapi/internal/config/phases.go:77.2,77.12 1 1
aculo/connector-restapi/internal/config/utils.go:3.44,5.2 1 0
